Arguments: 
  /Users/pawan_kulkarni/.nvm/versions/node/v15.1.0/bin/node /Users/pawan_kulkarni/.nvm/versions/node/v15.1.0/bin/yarn add nodemon webpack webpack-cli webpack-dev-server html-webpack-plugin

PATH: 
  /Users/pawan_kulkarni/.nvm/versions/node/v15.1.0/bin:/Users/pawan_kulkarni/.nvm/versions/node/v18.0.0/bin:/usr/local/opt/openjdk@11/bin:/Users/pawan_kulkarni/google-cloud-sdk/bin:/Users/pawan_kulkarni/.nvm/versions/node/v15.1.0/bin:/Library/Frameworks/Python.framework/Versions/2.7/bin:/Library/Frameworks/Python.framework/Versions/3.10/bin:/usr/local/bin:/System/Cryptexes/App/usr/bin:/usr/bin:/bin:/usr/sbin:/sbin:/usr/local/opt/openjdk@11/bin:/Users/pawan_kulkarni/google-cloud-sdk/bin:/Users/pawan_kulkarni/.nvm/versions/node/v15.1.0/bin:/Library/Frameworks/Python.framework/Versions/2.7/bin:/Library/Frameworks/Python.framework/Versions/3.10/bin

Yarn version: 
  1.22.17

Node version: 
  15.1.0

Platform: 
  darwin x64

Trace: 
  Error: https://ci-artifacts.devops.fds.com/artifactory/api/npm/npm-all/nodemon: ETIMEDOUT
      at Timeout._onTimeout (/Users/pawan_kulkarni/.nvm/versions/node/v15.1.0/lib/node_modules/yarn/lib/cli.js:141543:19)
      at listOnTimeout (node:internal/timers:555:17)
      at processTimers (node:internal/timers:498:7)

npm manifest: 
  {
    "name": "demo-app",
    "version": "1.0.0",
    "main": "index.js",
    "license": "MIT"
  }

yarn manifest: 
  No manifest

Lockfile: 
  No lockfile
